<?xml version="1.0" encoding="UTF-8" standalone="no"?>
<!DOCTYPE log SYSTEM "logger.dtd">
<log>
<record>
  <date>2019-01-21T16:24:58</date>
  <millis>1548109498710</millis>
  <sequence>0</sequence>
  <level>START</level>
  <class>com.kms.katalon.core.logging.XmlKeywordLogger</class>
  <method>startSuite</method>
  <thread>1</thread>
  <message>Start Test Suite : Test Suites/UI/Client Services/Login - Employee</message>
  <nestedLevel>0</nestedLevel>
  <property name="name">Login - Employee</property>
  <property name="description"></property>
  <property name="id">Test Suites/UI/Client Services/Login - Employee</property>
</record>
<record>
  <date>2019-01-21T16:24:58</date>
  <millis>1548109498723</millis>
  <sequence>1</sequence>
  <level>RUN_DATA</level>
  <class>com.kms.katalon.core.logging.XmlKeywordLogger</class>
  <method>logMessage</method>
  <thread>1</thread>
  <message>hostName = david avalos - TDG-MBL-MTY0359.tiempodev.local</message>
  <nestedLevel>0</nestedLevel>
  <property name="hostName">david avalos - TDG-MBL-MTY0359.tiempodev.local</property>
</record>
<record>
  <date>2019-01-21T16:24:58</date>
  <millis>1548109498723</millis>
  <sequence>2</sequence>
  <level>RUN_DATA</level>
  <class>com.kms.katalon.core.logging.XmlKeywordLogger</class>
  <method>logMessage</method>
  <thread>1</thread>
  <message>os = Windows 10 64bit</message>
  <nestedLevel>0</nestedLevel>
  <property name="os">Windows 10 64bit</property>
</record>
<record>
  <date>2019-01-21T16:24:58</date>
  <millis>1548109498723</millis>
  <sequence>3</sequence>
  <level>RUN_DATA</level>
  <class>com.kms.katalon.core.logging.XmlKeywordLogger</class>
  <method>logMessage</method>
  <thread>1</thread>
  <message>hostAddress = 192.168.1.97</message>
  <nestedLevel>0</nestedLevel>
  <property name="hostAddress">192.168.1.97</property>
</record>
<record>
  <date>2019-01-21T16:24:58</date>
  <millis>1548109498724</millis>
  <sequence>4</sequence>
  <level>RUN_DATA</level>
  <class>com.kms.katalon.core.logging.XmlKeywordLogger</class>
  <method>logMessage</method>
  <thread>1</thread>
  <message>katalonVersion = 5.10.1.1</message>
  <nestedLevel>0</nestedLevel>
  <property name="katalonVersion">5.10.1.1</property>
</record>
<record>
  <date>2019-01-21T16:24:58</date>
  <millis>1548109498777</millis>
  <sequence>5</sequence>
  <level>START</level>
  <class>com.kms.katalon.core.logging.XmlKeywordLogger</class>
  <method>startTest</method>
  <thread>1</thread>
  <message>Start Test Case : Test Cases/UI/Employee/Client Services/Login/Login - Successful Employee</message>
  <nestedLevel>1</nestedLevel>
  <property name="name">Test Cases/UI/Employee/Client Services/Login/Login - Successful Employee</property>
  <property name="description"></property>
  <property name="id">Test Cases/UI/Employee/Client Services/Login/Login - Successful Employee</property>
  <property name="source">C:\\Users\\David Avalos\\git\\AMPSAutRegression\\Test Cases\\UI\\Employee\\Client Services\\Login\\Login - Successful Employee.tc</property>
  <property name="isOptional">false</property>
</record>
<record>
  <date>2019-01-21T16:24:58</date>
  <millis>1548109498943</millis>
  <sequence>7</sequence>
  <level>INFO</level>
  <class>com.kms.katalon.core.logging.XmlKeywordLogger</class>
  <method>logMessage</method>
  <thread>1</thread>
  <message>(Default) user = qaAuto</message>
  <nestedLevel>1</nestedLevel>
</record>
<record>
  <date>2019-01-21T16:24:58</date>
  <millis>1548109498951</millis>
  <sequence>8</sequence>
  <level>INFO</level>
  <class>com.kms.katalon.core.logging.XmlKeywordLogger</class>
  <method>logMessage</method>
  <thread>1</thread>
  <message>(Default) password = a9yk100dD</message>
  <nestedLevel>1</nestedLevel>
</record>
<record>
  <date>2019-01-21T16:24:59</date>
  <millis>1548109499199</millis>
  <sequence>9</sequence>
  <level>START</level>
  <class>com.kms.katalon.core.logging.XmlKeywordLogger</class>
  <method>startKeyword</method>
  <thread>1</thread>
  <message>Start action : openBrowser(\&amp;quot;https://uat.advancedpricing.com/login\&amp;quot;)</message>
  <nestedLevel>1</nestedLevel>
  <property name="startLine">17</property>
  <property name="stepIndex">1</property>
</record>
<record>
  <date>2019-01-21T16:24:59</date>
  <millis>1548109499485</millis>
  <sequence>11</sequence>
  <level>INFO</level>
  <class>com.kms.katalon.core.logging.XmlKeywordLogger</class>
  <method>logMessage</method>
  <thread>1</thread>
  <message>Starting &amp;apos;Chrome&amp;apos; driver</message>
  <nestedLevel>1</nestedLevel>
</record>
<record>
  <date>2019-01-21T16:24:59</date>
  <millis>1548109499506</millis>
  <sequence>12</sequence>
  <level>INFO</level>
  <class>com.kms.katalon.core.logging.XmlKeywordLogger</class>
  <method>logMessage</method>
  <thread>1</thread>
  <message>Action delay is set to 0 seconds</message>
  <nestedLevel>1</nestedLevel>
</record>
<record>
  <date>2019-01-21T16:25:02</date>
  <millis>1548109502278</millis>
  <sequence>14</sequence>
  <level>RUN_DATA</level>
  <class>com.kms.katalon.core.logging.XmlKeywordLogger</class>
  <method>logMessage</method>
  <thread>1</thread>
  <message>sessionId = d5ccd756ffa54ce29de7fba92eb9e6eb</message>
  <nestedLevel>1</nestedLevel>
  <property name="sessionId">d5ccd756ffa54ce29de7fba92eb9e6eb</property>
</record>
<record>
  <date>2019-01-21T16:25:02</date>
  <millis>1548109502307</millis>
  <sequence>15</sequence>
  <level>RUN_DATA</level>
  <class>com.kms.katalon.core.logging.XmlKeywordLogger</class>
  <method>logMessage</method>
  <thread>1</thread>
  <message>browser = Chrome 71.0.3578.98</message>
  <nestedLevel>1</nestedLevel>
  <property name="browser">Chrome 71.0.3578.98</property>
</record>
<record>
  <date>2019-01-21T16:25:02</date>
  <millis>1548109502308</millis>
  <sequence>16</sequence>
  <level>RUN_DATA</level>
  <class>com.kms.katalon.core.logging.XmlKeywordLogger</class>
  <method>logMessage</method>
  <thread>1</thread>
  <message>platform = Windows 10</message>
  <nestedLevel>1</nestedLevel>
  <property name="platform">Windows 10</property>
</record>
<record>
  <date>2019-01-21T16:25:02</date>
  <millis>1548109502311</millis>
  <sequence>17</sequence>
  <level>RUN_DATA</level>
  <class>com.kms.katalon.core.logging.XmlKeywordLogger</class>
  <method>logMessage</method>
  <thread>1</thread>
  <message>seleniumVersion = 3.7.1</message>
  <nestedLevel>1</nestedLevel>
  <property name="seleniumVersion">3.7.1</property>
</record>
<record>
  <date>2019-01-21T16:25:02</date>
  <millis>1548109502312</millis>
  <sequence>18</sequence>
  <level>RUN_DATA</level>
  <class>com.kms.katalon.core.logging.XmlKeywordLogger</class>
  <method>logMessage</method>
  <thread>1</thread>
  <message>proxyInformation = ProxyInformation{proxyOption=NO_PROXY, proxyServerType=HTTP, password=, proxyServerAddress=, proxyServerPort=0}</message>
  <nestedLevel>1</nestedLevel>
  <property name="proxyInformation">ProxyInformation{proxyOption=NO_PROXY, proxyServerType=HTTP, password=, proxyServerAddress=, proxyServerPort=0}</property>
</record>
<record>
  <date>2019-01-21T16:25:03</date>
  <millis>1548109503827</millis>
  <sequence>20</sequence>
  <level>PASSED</level>
  <class>com.kms.katalon.core.logging.XmlKeywordLogger</class>
  <method>logMessage</method>
  <thread>1</thread>
  <message>Browser is opened with url: &amp;apos;https://uat.advancedpricing.com/login&amp;apos;</message>
  <nestedLevel>1</nestedLevel>
</record>
<record>
  <date>2019-01-21T16:25:03</date>
  <millis>1548109503827</millis>
  <sequence>21</sequence>
  <level>END</level>
  <class>com.kms.katalon.core.logging.XmlKeywordLogger</class>
  <method>endKeyword</method>
  <thread>1</thread>
  <message>End action : openBrowser(\&amp;quot;https://uat.advancedpricing.com/login\&amp;quot;)</message>
  <nestedLevel>1</nestedLevel>
</record>
<record>
  <date>2019-01-21T16:25:03</date>
  <millis>1548109503828</millis>
  <sequence>22</sequence>
  <level>START</level>
  <class>com.kms.katalon.core.logging.XmlKeywordLogger</class>
  <method>startKeyword</method>
  <thread>1</thread>
  <message>Start action : maximizeWindow()</message>
  <nestedLevel>1</nestedLevel>
  <property name="startLine">19</property>
  <property name="stepIndex">2</property>
</record>
<record>
  <date>2019-01-21T16:25:04</date>
  <millis>1548109504969</millis>
  <sequence>24</sequence>
  <level>PASSED</level>
  <class>com.kms.katalon.core.logging.XmlKeywordLogger</class>
  <method>logMessage</method>
  <thread>1</thread>
  <message>Current window maximized</message>
  <nestedLevel>1</nestedLevel>
</record>
<record>
  <date>2019-01-21T16:25:04</date>
  <millis>1548109504969</millis>
  <sequence>25</sequence>
  <level>END</level>
  <class>com.kms.katalon.core.logging.XmlKeywordLogger</class>
  <method>endKeyword</method>
  <thread>1</thread>
  <message>End action : maximizeWindow()</message>
  <nestedLevel>1</nestedLevel>
</record>
<record>
  <date>2019-01-21T16:25:04</date>
  <millis>1548109504970</millis>
  <sequence>26</sequence>
  <level>START</level>
  <class>com.kms.katalon.core.logging.XmlKeywordLogger</class>
  <method>startKeyword</method>
  <thread>1</thread>
  <message>Start action : waitForElementPresent(findTestObject(\&amp;quot;UI/Employee/Client Services/ForgotPassword/a_ForgotPassword\&amp;quot;), 5)</message>
  <nestedLevel>1</nestedLevel>
  <property name="startLine">21</property>
  <property name="stepIndex">3</property>
</record>
<record>
  <date>2019-01-21T16:25:05</date>
  <millis>1548109505023</millis>
  <sequence>32</sequence>
  <level>PASSED</level>
  <class>com.kms.katalon.core.logging.XmlKeywordLogger</class>
  <method>logMessage</method>
  <thread>1</thread>
  <message>Object &amp;apos;Object Repository/UI/Employee/Client Services/ForgotPassword/a_ForgotPassword&amp;apos; is present</message>
  <nestedLevel>1</nestedLevel>
</record>
<record>
  <date>2019-01-21T16:25:05</date>
  <millis>1548109505023</millis>
  <sequence>33</sequence>
  <level>END</level>
  <class>com.kms.katalon.core.logging.XmlKeywordLogger</class>
  <method>endKeyword</method>
  <thread>1</thread>
  <message>End action : waitForElementPresent(findTestObject(\&amp;quot;UI/Employee/Client Services/ForgotPassword/a_ForgotPassword\&amp;quot;), 5)</message>
  <nestedLevel>1</nestedLevel>
</record>
<record>
  <date>2019-01-21T16:25:05</date>
  <millis>1548109505024</millis>
  <sequence>34</sequence>
  <level>START</level>
  <class>com.kms.katalon.core.logging.XmlKeywordLogger</class>
  <method>startKeyword</method>
  <thread>1</thread>
  <message>Start action : waitForElementVisible(findTestObject(\&amp;quot;UI/Employee/Client Services/ForgotPassword/a_ForgotPassword\&amp;quot;), 5)</message>
  <nestedLevel>1</nestedLevel>
  <property name="startLine">23</property>
  <property name="stepIndex">4</property>
</record>
<record>
  <date>2019-01-21T16:25:05</date>
  <millis>1548109505068</millis>
  <sequence>41</sequence>
  <level>PASSED</level>
  <class>com.kms.katalon.core.logging.XmlKeywordLogger</class>
  <method>logMessage</method>
  <thread>1</thread>
  <message>Object &amp;apos;Object Repository/UI/Employee/Client Services/ForgotPassword/a_ForgotPassword&amp;apos; is visible</message>
  <nestedLevel>1</nestedLevel>
</record>
<record>
  <date>2019-01-21T16:25:05</date>
  <millis>1548109505069</millis>
  <sequence>42</sequence>
  <level>END</level>
  <class>com.kms.katalon.core.logging.XmlKeywordLogger</class>
  <method>endKeyword</method>
  <thread>1</thread>
  <message>End action : waitForElementVisible(findTestObject(\&amp;quot;UI/Employee/Client Services/ForgotPassword/a_ForgotPassword\&amp;quot;), 5)</message>
  <nestedLevel>1</nestedLevel>
</record>
<record>
  <date>2019-01-21T16:25:05</date>
  <millis>1548109505069</millis>
  <sequence>43</sequence>
  <level>START</level>
  <class>com.kms.katalon.core.logging.XmlKeywordLogger</class>
  <method>startKeyword</method>
  <thread>1</thread>
  <message>Start action : waitForElementPresent(findTestObject(\&amp;quot;UI/General/Page_LoginPage/button_Login\&amp;quot;), 5)</message>
  <nestedLevel>1</nestedLevel>
  <property name="startLine">25</property>
  <property name="stepIndex">5</property>
</record>
<record>
  <date>2019-01-21T16:25:05</date>
  <millis>1548109505088</millis>
  <sequence>49</sequence>
  <level>PASSED</level>
  <class>com.kms.katalon.core.logging.XmlKeywordLogger</class>
  <method>logMessage</method>
  <thread>1</thread>
  <message>Object &amp;apos;Object Repository/UI/General/Page_LoginPage/button_Login&amp;apos; is present</message>
  <nestedLevel>1</nestedLevel>
</record>
<record>
  <date>2019-01-21T16:25:05</date>
  <millis>1548109505088</millis>
  <sequence>50</sequence>
  <level>END</level>
  <class>com.kms.katalon.core.logging.XmlKeywordLogger</class>
  <method>endKeyword</method>
  <thread>1</thread>
  <message>End action : waitForElementPresent(findTestObject(\&amp;quot;UI/General/Page_LoginPage/button_Login\&amp;quot;), 5)</message>
  <nestedLevel>1</nestedLevel>
</record>
<record>
  <date>2019-01-21T16:25:05</date>
  <millis>1548109505088</millis>
  <sequence>51</sequence>
  <level>START</level>
  <class>com.kms.katalon.core.logging.XmlKeywordLogger</class>
  <method>startKeyword</method>
  <thread>1</thread>
  <message>Start action : waitForElementVisible(findTestObject(\&amp;quot;UI/General/Page_LoginPage/button_Login\&amp;quot;), 5)</message>
  <nestedLevel>1</nestedLevel>
  <property name="startLine">27</property>
  <property name="stepIndex">6</property>
</record>
<record>
  <date>2019-01-21T16:25:05</date>
  <millis>1548109505115</millis>
  <sequence>58</sequence>
  <level>PASSED</level>
  <class>com.kms.katalon.core.logging.XmlKeywordLogger</class>
  <method>logMessage</method>
  <thread>1</thread>
  <message>Object &amp;apos;Object Repository/UI/General/Page_LoginPage/button_Login&amp;apos; is visible</message>
  <nestedLevel>1</nestedLevel>
</record>
<record>
  <date>2019-01-21T16:25:05</date>
  <millis>1548109505115</millis>
  <sequence>59</sequence>
  <level>END</level>
  <class>com.kms.katalon.core.logging.XmlKeywordLogger</class>
  <method>endKeyword</method>
  <thread>1</thread>
  <message>End action : waitForElementVisible(findTestObject(\&amp;quot;UI/General/Page_LoginPage/button_Login\&amp;quot;), 5)</message>
  <nestedLevel>1</nestedLevel>
</record>
<record>
  <date>2019-01-21T16:25:05</date>
  <millis>1548109505116</millis>
  <sequence>60</sequence>
  <level>START</level>
  <class>com.kms.katalon.core.logging.XmlKeywordLogger</class>
  <method>startKeyword</method>
  <thread>1</thread>
  <message>Start action : waitForElementPresent(findTestObject(\&amp;quot;UI/Employee/Client Services/Login/input_Password\&amp;quot;), 5)</message>
  <nestedLevel>1</nestedLevel>
  <property name="startLine">29</property>
  <property name="stepIndex">7</property>
</record>
<record>
  <date>2019-01-21T16:25:05</date>
  <millis>1548109505134</millis>
  <sequence>66</sequence>
  <level>PASSED</level>
  <class>com.kms.katalon.core.logging.XmlKeywordLogger</class>
  <method>logMessage</method>
  <thread>1</thread>
  <message>Object &amp;apos;Object Repository/UI/Employee/Client Services/Login/input_Password&amp;apos; is present</message>
  <nestedLevel>1</nestedLevel>
</record>
<record>
  <date>2019-01-21T16:25:05</date>
  <millis>1548109505135</millis>
  <sequence>67</sequence>
  <level>END</level>
  <class>com.kms.katalon.core.logging.XmlKeywordLogger</class>
  <method>endKeyword</method>
  <thread>1</thread>
  <message>End action : waitForElementPresent(findTestObject(\&amp;quot;UI/Employee/Client Services/Login/input_Password\&amp;quot;), 5)</message>
  <nestedLevel>1</nestedLevel>
</record>
<record>
  <date>2019-01-21T16:25:05</date>
  <millis>1548109505135</millis>
  <sequence>68</sequence>
  <level>START</level>
  <class>com.kms.katalon.core.logging.XmlKeywordLogger</class>
  <method>startKeyword</method>
  <thread>1</thread>
  <message>Start action : waitForElementVisible(findTestObject(\&amp;quot;UI/Employee/Client Services/Login/input_Password\&amp;quot;), 5)</message>
  <nestedLevel>1</nestedLevel>
  <property name="startLine">31</property>
  <property name="stepIndex">8</property>
</record>
<record>
  <date>2019-01-21T16:25:05</date>
  <millis>1548109505163</millis>
  <sequence>75</sequence>
  <level>PASSED</level>
  <class>com.kms.katalon.core.logging.XmlKeywordLogger</class>
  <method>logMessage</method>
  <thread>1</thread>
  <message>Object &amp;apos;Object Repository/UI/Employee/Client Services/Login/input_Password&amp;apos; is visible</message>
  <nestedLevel>1</nestedLevel>
</record>
<record>
  <date>2019-01-21T16:25:05</date>
  <millis>1548109505163</millis>
  <sequence>76</sequence>
  <level>END</level>
  <class>com.kms.katalon.core.logging.XmlKeywordLogger</class>
  <method>endKeyword</method>
  <thread>1</thread>
  <message>End action : waitForElementVisible(findTestObject(\&amp;quot;UI/Employee/Client Services/Login/input_Password\&amp;quot;), 5)</message>
  <nestedLevel>1</nestedLevel>
</record>
<record>
  <date>2019-01-21T16:25:05</date>
  <millis>1548109505163</millis>
  <sequence>77</sequence>
  <level>START</level>
  <class>com.kms.katalon.core.logging.XmlKeywordLogger</class>
  <method>startKeyword</method>
  <thread>1</thread>
  <message>Start action : waitForElementPresent(findTestObject(\&amp;quot;UI/Employee/Client Services/Login/input_User\&amp;quot;), 5)</message>
  <nestedLevel>1</nestedLevel>
  <property name="startLine">33</property>
  <property name="stepIndex">9</property>
</record>
<record>
  <date>2019-01-21T16:25:05</date>
  <millis>1548109505183</millis>
  <sequence>83</sequence>
  <level>PASSED</level>
  <class>com.kms.katalon.core.logging.XmlKeywordLogger</class>
  <method>logMessage</method>
  <thread>1</thread>
  <message>Object &amp;apos;Object Repository/UI/Employee/Client Services/Login/input_User&amp;apos; is present</message>
  <nestedLevel>1</nestedLevel>
</record>
<record>
  <date>2019-01-21T16:25:05</date>
  <millis>1548109505184</millis>
  <sequence>84</sequence>
  <level>END</level>
  <class>com.kms.katalon.core.logging.XmlKeywordLogger</class>
  <method>endKeyword</method>
  <thread>1</thread>
  <message>End action : waitForElementPresent(findTestObject(\&amp;quot;UI/Employee/Client Services/Login/input_User\&amp;quot;), 5)</message>
  <nestedLevel>1</nestedLevel>
</record>
<record>
  <date>2019-01-21T16:25:05</date>
  <millis>1548109505184</millis>
  <sequence>85</sequence>
  <level>START</level>
  <class>com.kms.katalon.core.logging.XmlKeywordLogger</class>
  <method>startKeyword</method>
  <thread>1</thread>
  <message>Start action : waitForElementVisible(findTestObject(\&amp;quot;UI/Employee/Client Services/Login/input_User\&amp;quot;), 5)</message>
  <nestedLevel>1</nestedLevel>
  <property name="startLine">35</property>
  <property name="stepIndex">10</property>
</record>
<record>
  <date>2019-01-21T16:25:05</date>
  <millis>1548109505211</millis>
  <sequence>92</sequence>
  <level>PASSED</level>
  <class>com.kms.katalon.core.logging.XmlKeywordLogger</class>
  <method>logMessage</method>
  <thread>1</thread>
  <message>Object &amp;apos;Object Repository/UI/Employee/Client Services/Login/input_User&amp;apos; is visible</message>
  <nestedLevel>1</nestedLevel>
</record>
<record>
  <date>2019-01-21T16:25:05</date>
  <millis>1548109505212</millis>
  <sequence>93</sequence>
  <level>END</level>
  <class>com.kms.katalon.core.logging.XmlKeywordLogger</class>
  <method>endKeyword</method>
  <thread>1</thread>
  <message>End action : waitForElementVisible(findTestObject(\&amp;quot;UI/Employee/Client Services/Login/input_User\&amp;quot;), 5)</message>
  <nestedLevel>1</nestedLevel>
</record>
<record>
  <date>2019-01-21T16:25:05</date>
  <millis>1548109505212</millis>
  <sequence>94</sequence>
  <level>START</level>
  <class>com.kms.katalon.core.logging.XmlKeywordLogger</class>
  <method>startKeyword</method>
  <thread>1</thread>
  <message>Start action : setText(findTestObject(\&amp;quot;UI/Employee/Client Services/Login/input_User\&amp;quot;), user)</message>
  <nestedLevel>1</nestedLevel>
  <property name="startLine">37</property>
  <property name="stepIndex">11</property>
</record>
<record>
  <date>2019-01-21T16:25:05</date>
  <millis>1548109505343</millis>
  <sequence>106</sequence>
  <level>PASSED</level>
  <class>com.kms.katalon.core.logging.XmlKeywordLogger</class>
  <method>logMessage</method>
  <thread>1</thread>
  <message>Text &amp;apos;qaAuto&amp;apos; is set on object &amp;apos;Object Repository/UI/Employee/Client Services/Login/input_User&amp;apos;</message>
  <nestedLevel>1</nestedLevel>
</record>
<record>
  <date>2019-01-21T16:25:05</date>
  <millis>1548109505343</millis>
  <sequence>107</sequence>
  <level>END</level>
  <class>com.kms.katalon.core.logging.XmlKeywordLogger</class>
  <method>endKeyword</method>
  <thread>1</thread>
  <message>End action : setText(findTestObject(\&amp;quot;UI/Employee/Client Services/Login/input_User\&amp;quot;), user)</message>
  <nestedLevel>1</nestedLevel>
</record>
<record>
  <date>2019-01-21T16:25:05</date>
  <millis>1548109505344</millis>
  <sequence>108</sequence>
  <level>START</level>
  <class>com.kms.katalon.core.logging.XmlKeywordLogger</class>
  <method>startKeyword</method>
  <thread>1</thread>
  <message>Start action : setText(findTestObject(\&amp;quot;UI/Employee/Client Services/Login/input_Password\&amp;quot;), password)</message>
  <nestedLevel>1</nestedLevel>
  <property name="startLine">39</property>
  <property name="stepIndex">12</property>
</record>
<record>
  <date>2019-01-21T16:25:05</date>
  <millis>1548109505500</millis>
  <sequence>120</sequence>
  <level>PASSED</level>
  <class>com.kms.katalon.core.logging.XmlKeywordLogger</class>
  <method>logMessage</method>
  <thread>1</thread>
  <message>Text &amp;apos;a9yk100dD&amp;apos; is set on object &amp;apos;Object Repository/UI/Employee/Client Services/Login/input_Password&amp;apos;</message>
  <nestedLevel>1</nestedLevel>
</record>
<record>
  <date>2019-01-21T16:25:05</date>
  <millis>1548109505501</millis>
  <sequence>121</sequence>
  <level>END</level>
  <class>com.kms.katalon.core.logging.XmlKeywordLogger</class>
  <method>endKeyword</method>
  <thread>1</thread>
  <message>End action : setText(findTestObject(\&amp;quot;UI/Employee/Client Services/Login/input_Password\&amp;quot;), password)</message>
  <nestedLevel>1</nestedLevel>
</record>
<record>
  <date>2019-01-21T16:25:05</date>
  <millis>1548109505501</millis>
  <sequence>122</sequence>
  <level>START</level>
  <class>com.kms.katalon.core.logging.XmlKeywordLogger</class>
  <method>startKeyword</method>
  <thread>1</thread>
  <message>Start action : click(findTestObject(\&amp;quot;UI/Employee/Client Services/Login/button_Login\&amp;quot;))</message>
  <nestedLevel>1</nestedLevel>
  <property name="startLine">41</property>
  <property name="stepIndex">13</property>
</record>
<record>
  <date>2019-01-21T16:25:05</date>
  <millis>1548109505599</millis>
  <sequence>129</sequence>
  <level>PASSED</level>
  <class>com.kms.katalon.core.logging.XmlKeywordLogger</class>
  <method>logMessage</method>
  <thread>1</thread>
  <message>Object: &amp;apos;Object Repository/UI/Employee/Client Services/Login/button_Login&amp;apos; is clicked on</message>
  <nestedLevel>1</nestedLevel>
</record>
<record>
  <date>2019-01-21T16:25:05</date>
  <millis>1548109505600</millis>
  <sequence>130</sequence>
  <level>END</level>
  <class>com.kms.katalon.core.logging.XmlKeywordLogger</class>
  <method>endKeyword</method>
  <thread>1</thread>
  <message>End action : click(findTestObject(\&amp;quot;UI/Employee/Client Services/Login/button_Login\&amp;quot;))</message>
  <nestedLevel>1</nestedLevel>
</record>
<record>
  <date>2019-01-21T16:25:05</date>
  <millis>1548109505600</millis>
  <sequence>131</sequence>
  <level>START</level>
  <class>com.kms.katalon.core.logging.XmlKeywordLogger</class>
  <method>startKeyword</method>
  <thread>1</thread>
  <message>Start action : waitForElementPresent(findTestObject(\&amp;quot;UI/General/Page_Employee landing page/img_AMPSLogo\&amp;quot;), 5)</message>
  <nestedLevel>1</nestedLevel>
  <property name="startLine">43</property>
  <property name="stepIndex">14</property>
</record>
<record>
  <date>2019-01-21T16:25:06</date>
  <millis>1548109506208</millis>
  <sequence>137</sequence>
  <level>PASSED</level>
  <class>com.kms.katalon.core.logging.XmlKeywordLogger</class>
  <method>logMessage</method>
  <thread>1</thread>
  <message>Object &amp;apos;Object Repository/UI/General/Page_Employee landing page/img_AMPSLogo&amp;apos; is present</message>
  <nestedLevel>1</nestedLevel>
</record>
<record>
  <date>2019-01-21T16:25:06</date>
  <millis>1548109506208</millis>
  <sequence>138</sequence>
  <level>END</level>
  <class>com.kms.katalon.core.logging.XmlKeywordLogger</class>
  <method>endKeyword</method>
  <thread>1</thread>
  <message>End action : waitForElementPresent(findTestObject(\&amp;quot;UI/General/Page_Employee landing page/img_AMPSLogo\&amp;quot;), 5)</message>
  <nestedLevel>1</nestedLevel>
</record>
<record>
  <date>2019-01-21T16:25:06</date>
  <millis>1548109506209</millis>
  <sequence>139</sequence>
  <level>START</level>
  <class>com.kms.katalon.core.logging.XmlKeywordLogger</class>
  <method>startKeyword</method>
  <thread>1</thread>
  <message>Start action : waitForElementVisible(findTestObject(\&amp;quot;UI/General/Page_Employee landing page/img_AMPSLogo\&amp;quot;), 5)</message>
  <nestedLevel>1</nestedLevel>
  <property name="startLine">45</property>
  <property name="stepIndex">15</property>
</record>
<record>
  <date>2019-01-21T16:25:06</date>
  <millis>1548109506287</millis>
  <sequence>146</sequence>
  <level>PASSED</level>
  <class>com.kms.katalon.core.logging.XmlKeywordLogger</class>
  <method>logMessage</method>
  <thread>1</thread>
  <message>Object &amp;apos;Object Repository/UI/General/Page_Employee landing page/img_AMPSLogo&amp;apos; is visible</message>
  <nestedLevel>1</nestedLevel>
</record>
<record>
  <date>2019-01-21T16:25:06</date>
  <millis>1548109506288</millis>
  <sequence>147</sequence>
  <level>END</level>
  <class>com.kms.katalon.core.logging.XmlKeywordLogger</class>
  <method>endKeyword</method>
  <thread>1</thread>
  <message>End action : waitForElementVisible(findTestObject(\&amp;quot;UI/General/Page_Employee landing page/img_AMPSLogo\&amp;quot;), 5)</message>
  <nestedLevel>1</nestedLevel>
</record>
<record>
  <date>2019-01-21T16:25:06</date>
  <millis>1548109506289</millis>
  <sequence>148</sequence>
  <level>START</level>
  <class>com.kms.katalon.core.logging.XmlKeywordLogger</class>
  <method>startKeyword</method>
  <thread>1</thread>
  <message>Start action : waitForElementPresent(findTestObject(\&amp;quot;UI/General/Page_Employee landing page/span_ClientsMenu\&amp;quot;), 5)</message>
  <nestedLevel>1</nestedLevel>
  <property name="startLine">47</property>
  <property name="stepIndex">16</property>
</record>
<record>
  <date>2019-01-21T16:25:06</date>
  <millis>1548109506310</millis>
  <sequence>154</sequence>
  <level>PASSED</level>
  <class>com.kms.katalon.core.logging.XmlKeywordLogger</class>
  <method>logMessage</method>
  <thread>1</thread>
  <message>Object &amp;apos;Object Repository/UI/General/Page_Employee landing page/span_ClientsMenu&amp;apos; is present</message>
  <nestedLevel>1</nestedLevel>
</record>
<record>
  <date>2019-01-21T16:25:06</date>
  <millis>1548109506310</millis>
  <sequence>155</sequence>
  <level>END</level>
  <class>com.kms.katalon.core.logging.XmlKeywordLogger</class>
  <method>endKeyword</method>
  <thread>1</thread>
  <message>End action : waitForElementPresent(findTestObject(\&amp;quot;UI/General/Page_Employee landing page/span_ClientsMenu\&amp;quot;), 5)</message>
  <nestedLevel>1</nestedLevel>
</record>
<record>
  <date>2019-01-21T16:25:06</date>
  <millis>1548109506310</millis>
  <sequence>156</sequence>
  <level>START</level>
  <class>com.kms.katalon.core.logging.XmlKeywordLogger</class>
  <method>startKeyword</method>
  <thread>1</thread>
  <message>Start action : waitForElementVisible(findTestObject(\&amp;quot;UI/General/Page_Employee landing page/span_ClientsMenu\&amp;quot;), 5)</message>
  <nestedLevel>1</nestedLevel>
  <property name="startLine">49</property>
  <property name="stepIndex">17</property>
</record>
<record>
  <date>2019-01-21T16:25:06</date>
  <millis>1548109506338</millis>
  <sequence>163</sequence>
  <level>PASSED</level>
  <class>com.kms.katalon.core.logging.XmlKeywordLogger</class>
  <method>logMessage</method>
  <thread>1</thread>
  <message>Object &amp;apos;Object Repository/UI/General/Page_Employee landing page/span_ClientsMenu&amp;apos; is visible</message>
  <nestedLevel>1</nestedLevel>
</record>
<record>
  <date>2019-01-21T16:25:06</date>
  <millis>1548109506339</millis>
  <sequence>164</sequence>
  <level>END</level>
  <class>com.kms.katalon.core.logging.XmlKeywordLogger</class>
  <method>endKeyword</method>
  <thread>1</thread>
  <message>End action : waitForElementVisible(findTestObject(\&amp;quot;UI/General/Page_Employee landing page/span_ClientsMenu\&amp;quot;), 5)</message>
  <nestedLevel>1</nestedLevel>
</record>
<record>
  <date>2019-01-21T16:25:06</date>
  <millis>1548109506340</millis>
  <sequence>165</sequence>
  <level>START</level>
  <class>com.kms.katalon.core.logging.XmlKeywordLogger</class>
  <method>startKeyword</method>
  <thread>1</thread>
  <message>Start action : waitForElementPresent(findTestObject(\&amp;quot;UI/General/Page_Employee landing page/h1_ClientsTitle\&amp;quot;), 5)</message>
  <nestedLevel>1</nestedLevel>
  <property name="startLine">51</property>
  <property name="stepIndex">18</property>
</record>
<record>
  <date>2019-01-21T16:25:06</date>
  <millis>1548109506365</millis>
  <sequence>171</sequence>
  <level>PASSED</level>
  <class>com.kms.katalon.core.logging.XmlKeywordLogger</class>
  <method>logMessage</method>
  <thread>1</thread>
  <message>Object &amp;apos;Object Repository/UI/General/Page_Employee landing page/h1_ClientsTitle&amp;apos; is present</message>
  <nestedLevel>1</nestedLevel>
</record>
<record>
  <date>2019-01-21T16:25:06</date>
  <millis>1548109506365</millis>
  <sequence>172</sequence>
  <level>END</level>
  <class>com.kms.katalon.core.logging.XmlKeywordLogger</class>
  <method>endKeyword</method>
  <thread>1</thread>
  <message>End action : waitForElementPresent(findTestObject(\&amp;quot;UI/General/Page_Employee landing page/h1_ClientsTitle\&amp;quot;), 5)</message>
  <nestedLevel>1</nestedLevel>
</record>
<record>
  <date>2019-01-21T16:25:06</date>
  <millis>1548109506366</millis>
  <sequence>173</sequence>
  <level>START</level>
  <class>com.kms.katalon.core.logging.XmlKeywordLogger</class>
  <method>startKeyword</method>
  <thread>1</thread>
  <message>Start action : waitForElementVisible(findTestObject(\&amp;quot;UI/General/Page_Employee landing page/h1_ClientsTitle\&amp;quot;), 5)</message>
  <nestedLevel>1</nestedLevel>
  <property name="startLine">53</property>
  <property name="stepIndex">19</property>
</record>
<record>
  <date>2019-01-21T16:25:06</date>
  <millis>1548109506392</millis>
  <sequence>180</sequence>
  <level>PASSED</level>
  <class>com.kms.katalon.core.logging.XmlKeywordLogger</class>
  <method>logMessage</method>
  <thread>1</thread>
  <message>Object &amp;apos;Object Repository/UI/General/Page_Employee landing page/h1_ClientsTitle&amp;apos; is visible</message>
  <nestedLevel>1</nestedLevel>
</record>
<record>
  <date>2019-01-21T16:25:06</date>
  <millis>1548109506392</millis>
  <sequence>181</sequence>
  <level>END</level>
  <class>com.kms.katalon.core.logging.XmlKeywordLogger</class>
  <method>endKeyword</method>
  <thread>1</thread>
  <message>End action : waitForElementVisible(findTestObject(\&amp;quot;UI/General/Page_Employee landing page/h1_ClientsTitle\&amp;quot;), 5)</message>
  <nestedLevel>1</nestedLevel>
</record>
<record>
  <date>2019-01-21T16:25:06</date>
  <millis>1548109506393</millis>
  <sequence>182</sequence>
  <level>START</level>
  <class>com.kms.katalon.core.logging.XmlKeywordLogger</class>
  <method>startKeyword</method>
  <thread>1</thread>
  <message>Start action : closeBrowser()</message>
  <nestedLevel>1</nestedLevel>
  <property name="startLine">55</property>
  <property name="stepIndex">20</property>
</record>
<record>
  <date>2019-01-21T16:25:07</date>
  <millis>1548109507022</millis>
  <sequence>184</sequence>
  <level>PASSED</level>
  <class>com.kms.katalon.core.logging.XmlKeywordLogger</class>
  <method>logMessage</method>
  <thread>1</thread>
  <message>Browser is closed</message>
  <nestedLevel>1</nestedLevel>
</record>
<record>
  <date>2019-01-21T16:25:07</date>
  <millis>1548109507023</millis>
  <sequence>185</sequence>
  <level>END</level>
  <class>com.kms.katalon.core.logging.XmlKeywordLogger</class>
  <method>endKeyword</method>
  <thread>1</thread>
  <message>End action : closeBrowser()</message>
  <nestedLevel>1</nestedLevel>
</record>
<record>
  <date>2019-01-21T16:25:07</date>
  <millis>1548109507023</millis>
  <sequence>186</sequence>
  <level>PASSED</level>
  <class>com.kms.katalon.core.logging.XmlKeywordLogger</class>
  <method>logMessage</method>
  <thread>1</thread>
  <message>Test Cases/UI/Employee/Client Services/Login/Login - Successful Employee</message>
  <nestedLevel>1</nestedLevel>
</record>
<record>
  <date>2019-01-21T16:25:07</date>
  <millis>1548109507024</millis>
  <sequence>187</sequence>
  <level>END</level>
  <class>com.kms.katalon.core.logging.XmlKeywordLogger</class>
  <method>endTest</method>
  <thread>1</thread>
  <message>End Test Case : Test Cases/UI/Employee/Client Services/Login/Login - Successful Employee</message>
  <nestedLevel>0</nestedLevel>
</record>
<record>
  <date>2019-01-21T16:25:07</date>
  <millis>1548109507036</millis>
  <sequence>188</sequence>
  <level>START</level>
  <class>com.kms.katalon.core.logging.XmlKeywordLogger</class>
  <method>startTest</method>
  <thread>1</thread>
  <message>Start Test Case : Test Cases/UI/General/openBrowser</message>
  <nestedLevel>1</nestedLevel>
  <property name="name">Test Cases/UI/General/openBrowser</property>
  <property name="description"></property>
  <property name="id">Test Cases/UI/General/openBrowser</property>
  <property name="source">C:\\Users\\David Avalos\\git\\AMPSAutRegression\\Test Cases\\UI\\General\\openBrowser.tc</property>
  <property name="isOptional">false</property>
</record>
<record>
  <date>2019-01-21T16:25:07</date>
  <millis>1548109507204</millis>
  <sequence>190</sequence>
  <level>START</level>
  <class>com.kms.katalon.core.logging.XmlKeywordLogger</class>
  <method>startKeyword</method>
  <thread>1</thread>
  <message>Start action : openBrowser(\&amp;quot;https://uat.advancedpricing.com/login\&amp;quot;)</message>
  <nestedLevel>1</nestedLevel>
  <property name="startLine">16</property>
  <property name="stepIndex">1</property>
</record>
<record>
  <date>2019-01-21T16:25:07</date>
  <millis>1548109507205</millis>
  <sequence>192</sequence>
  <level>INFO</level>
  <class>com.kms.katalon.core.logging.XmlKeywordLogger</class>
  <method>logMessage</method>
  <thread>1</thread>
  <message>Starting &amp;apos;Chrome&amp;apos; driver</message>
  <nestedLevel>1</nestedLevel>
</record>
<record>
  <date>2019-01-21T16:25:09</date>
  <millis>1548109509418</millis>
  <sequence>194</sequence>
  <level>RUN_DATA</level>
  <class>com.kms.katalon.core.logging.XmlKeywordLogger</class>
  <method>logMessage</method>
  <thread>1</thread>
  <message>sessionId = ffcc4e25736f549eccbb765b1cd8b0cd</message>
  <nestedLevel>1</nestedLevel>
  <property name="sessionId">ffcc4e25736f549eccbb765b1cd8b0cd</property>
</record>
<record>
  <date>2019-01-21T16:25:09</date>
  <millis>1548109509448</millis>
  <sequence>195</sequence>
  <level>RUN_DATA</level>
  <class>com.kms.katalon.core.logging.XmlKeywordLogger</class>
  <method>logMessage</method>
  <thread>1</thread>
  <message>browser = Chrome 71.0.3578.98</message>
  <nestedLevel>1</nestedLevel>
  <property name="browser">Chrome 71.0.3578.98</property>
</record>
<record>
  <date>2019-01-21T16:25:09</date>
  <millis>1548109509448</millis>
  <sequence>196</sequence>
  <level>RUN_DATA</level>
  <class>com.kms.katalon.core.logging.XmlKeywordLogger</class>
  <method>logMessage</method>
  <thread>1</thread>
  <message>platform = Windows 10</message>
  <nestedLevel>1</nestedLevel>
  <property name="platform">Windows 10</property>
</record>
<record>
  <date>2019-01-21T16:25:09</date>
  <millis>1548109509449</millis>
  <sequence>197</sequence>
  <level>RUN_DATA</level>
  <class>com.kms.katalon.core.logging.XmlKeywordLogger</class>
  <method>logMessage</method>
  <thread>1</thread>
  <message>seleniumVersion = 3.7.1</message>
  <nestedLevel>1</nestedLevel>
  <property name="seleniumVersion">3.7.1</property>
</record>
<record>
  <date>2019-01-21T16:25:09</date>
  <millis>1548109509449</millis>
  <sequence>198</sequence>
  <level>RUN_DATA</level>
  <class>com.kms.katalon.core.logging.XmlKeywordLogger</class>
  <method>logMessage</method>
  <thread>1</thread>
  <message>proxyInformation = ProxyInformation{proxyOption=NO_PROXY, proxyServerType=HTTP, password=, proxyServerAddress=, proxyServerPort=0}</message>
  <nestedLevel>1</nestedLevel>
  <property name="proxyInformation">ProxyInformation{proxyOption=NO_PROXY, proxyServerType=HTTP, password=, proxyServerAddress=, proxyServerPort=0}</property>
</record>
<record>
  <date>2019-01-21T16:25:12</date>
  <millis>1548109512030</millis>
  <sequence>200</sequence>
  <level>PASSED</level>
  <class>com.kms.katalon.core.logging.XmlKeywordLogger</class>
  <method>logMessage</method>
  <thread>1</thread>
  <message>Browser is opened with url: &amp;apos;https://uat.advancedpricing.com/login&amp;apos;</message>
  <nestedLevel>1</nestedLevel>
</record>
<record>
  <date>2019-01-21T16:25:12</date>
  <millis>1548109512030</millis>
  <sequence>201</sequence>
  <level>END</level>
  <class>com.kms.katalon.core.logging.XmlKeywordLogger</class>
  <method>endKeyword</method>
  <thread>1</thread>
  <message>End action : openBrowser(\&amp;quot;https://uat.advancedpricing.com/login\&amp;quot;)</message>
  <nestedLevel>1</nestedLevel>
</record>
<record>
  <date>2019-01-21T16:25:12</date>
  <millis>1548109512031</millis>
  <sequence>202</sequence>
  <level>START</level>
  <class>com.kms.katalon.core.logging.XmlKeywordLogger</class>
  <method>startKeyword</method>
  <thread>1</thread>
  <message>Start action : maximizeWindow()</message>
  <nestedLevel>1</nestedLevel>
  <property name="startLine">18</property>
  <property name="stepIndex">2</property>
</record>
<record>
  <date>2019-01-21T16:25:13</date>
  <millis>1548109513152</millis>
  <sequence>204</sequence>
  <level>PASSED</level>
  <class>com.kms.katalon.core.logging.XmlKeywordLogger</class>
  <method>logMessage</method>
  <thread>1</thread>
  <message>Current window maximized</message>
  <nestedLevel>1</nestedLevel>
</record>
<record>
  <date>2019-01-21T16:25:13</date>
  <millis>1548109513153</millis>
  <sequence>205</sequence>
  <level>END</level>
  <class>com.kms.katalon.core.logging.XmlKeywordLogger</class>
  <method>endKeyword</method>
  <thread>1</thread>
  <message>End action : maximizeWindow()</message>
  <nestedLevel>1</nestedLevel>
</record>
<record>
  <date>2019-01-21T16:25:13</date>
  <millis>1548109513154</millis>
  <sequence>206</sequence>
  <level>START</level>
  <class>com.kms.katalon.core.logging.XmlKeywordLogger</class>
  <method>startKeyword</method>
  <thread>1</thread>
  <message>Start action : waitForElementPresent(findTestObject(\&amp;quot;UI/Client/Client Services/ForgotPassword/a_ForgotPassword\&amp;quot;), 5)</message>
  <nestedLevel>1</nestedLevel>
  <property name="startLine">20</property>
  <property name="stepIndex">3</property>
</record>
<record>
  <date>2019-01-21T16:25:13</date>
  <millis>1548109513205</millis>
  <sequence>212</sequence>
  <level>PASSED</level>
  <class>com.kms.katalon.core.logging.XmlKeywordLogger</class>
  <method>logMessage</method>
  <thread>1</thread>
  <message>Object &amp;apos;Object Repository/UI/Client/Client Services/ForgotPassword/a_ForgotPassword&amp;apos; is present</message>
  <nestedLevel>1</nestedLevel>
</record>
<record>
  <date>2019-01-21T16:25:13</date>
  <millis>1548109513207</millis>
  <sequence>213</sequence>
  <level>END</level>
  <class>com.kms.katalon.core.logging.XmlKeywordLogger</class>
  <method>endKeyword</method>
  <thread>1</thread>
  <message>End action : waitForElementPresent(findTestObject(\&amp;quot;UI/Client/Client Services/ForgotPassword/a_ForgotPassword\&amp;quot;), 5)</message>
  <nestedLevel>1</nestedLevel>
</record>
<record>
  <date>2019-01-21T16:25:13</date>
  <millis>1548109513207</millis>
  <sequence>214</sequence>
  <level>START</level>
  <class>com.kms.katalon.core.logging.XmlKeywordLogger</class>
  <method>startKeyword</method>
  <thread>1</thread>
  <message>Start action : waitForElementVisible(findTestObject(\&amp;quot;UI/Client/Client Services/ForgotPassword/a_ForgotPassword\&amp;quot;), 5)</message>
  <nestedLevel>1</nestedLevel>
  <property name="startLine">22</property>
  <property name="stepIndex">4</property>
</record>
<record>
  <date>2019-01-21T16:25:13</date>
  <millis>1548109513257</millis>
  <sequence>221</sequence>
  <level>PASSED</level>
  <class>com.kms.katalon.core.logging.XmlKeywordLogger</class>
  <method>logMessage</method>
  <thread>1</thread>
  <message>Object &amp;apos;Object Repository/UI/Client/Client Services/ForgotPassword/a_ForgotPassword&amp;apos; is visible</message>
  <nestedLevel>1</nestedLevel>
</record>
<record>
  <date>2019-01-21T16:25:13</date>
  <millis>1548109513258</millis>
  <sequence>222</sequence>
  <level>END</level>
  <class>com.kms.katalon.core.logging.XmlKeywordLogger</class>
  <method>endKeyword</method>
  <thread>1</thread>
  <message>End action : waitForElementVisible(findTestObject(\&amp;quot;UI/Client/Client Services/ForgotPassword/a_ForgotPassword\&amp;quot;), 5)</message>
  <nestedLevel>1</nestedLevel>
</record>
<record>
  <date>2019-01-21T16:25:13</date>
  <millis>1548109513259</millis>
  <sequence>223</sequence>
  <level>START</level>
  <class>com.kms.katalon.core.logging.XmlKeywordLogger</class>
  <method>startKeyword</method>
  <thread>1</thread>
  <message>Start action : waitForElementPresent(findTestObject(\&amp;quot;UI/General/Page_LoginPage/button_Login\&amp;quot;), 5)</message>
  <nestedLevel>1</nestedLevel>
  <property name="startLine">24</property>
  <property name="stepIndex">5</property>
</record>
<record>
  <date>2019-01-21T16:25:13</date>
  <millis>1548109513285</millis>
  <sequence>229</sequence>
  <level>PASSED</level>
  <class>com.kms.katalon.core.logging.XmlKeywordLogger</class>
  <method>logMessage</method>
  <thread>1</thread>
  <message>Object &amp;apos;Object Repository/UI/General/Page_LoginPage/button_Login&amp;apos; is present</message>
  <nestedLevel>1</nestedLevel>
</record>
<record>
  <date>2019-01-21T16:25:13</date>
  <millis>1548109513286</millis>
  <sequence>230</sequence>
  <level>END</level>
  <class>com.kms.katalon.core.logging.XmlKeywordLogger</class>
  <method>endKeyword</method>
  <thread>1</thread>
  <message>End action : waitForElementPresent(findTestObject(\&amp;quot;UI/General/Page_LoginPage/button_Login\&amp;quot;), 5)</message>
  <nestedLevel>1</nestedLevel>
</record>
<record>
  <date>2019-01-21T16:25:13</date>
  <millis>1548109513286</millis>
  <sequence>231</sequence>
  <level>START</level>
  <class>com.kms.katalon.core.logging.XmlKeywordLogger</class>
  <method>startKeyword</method>
  <thread>1</thread>
  <message>Start action : waitForElementVisible(findTestObject(\&amp;quot;UI/General/Page_LoginPage/button_Login\&amp;quot;), 5)</message>
  <nestedLevel>1</nestedLevel>
  <property name="startLine">26</property>
  <property name="stepIndex">6</property>
</record>
<record>
  <date>2019-01-21T16:25:13</date>
  <millis>1548109513311</millis>
  <sequence>238</sequence>
  <level>PASSED</level>
  <class>com.kms.katalon.core.logging.XmlKeywordLogger</class>
  <method>logMessage</method>
  <thread>1</thread>
  <message>Object &amp;apos;Object Repository/UI/General/Page_LoginPage/button_Login&amp;apos; is visible</message>
  <nestedLevel>1</nestedLevel>
</record>
<record>
  <date>2019-01-21T16:25:13</date>
  <millis>1548109513312</millis>
  <sequence>239</sequence>
  <level>END</level>
  <class>com.kms.katalon.core.logging.XmlKeywordLogger</class>
  <method>endKeyword</method>
  <thread>1</thread>
  <message>End action : waitForElementVisible(findTestObject(\&amp;quot;UI/General/Page_LoginPage/button_Login\&amp;quot;), 5)</message>
  <nestedLevel>1</nestedLevel>
</record>
<record>
  <date>2019-01-21T16:25:13</date>
  <millis>1548109513312</millis>
  <sequence>240</sequence>
  <level>START</level>
  <class>com.kms.katalon.core.logging.XmlKeywordLogger</class>
  <method>startKeyword</method>
  <thread>1</thread>
  <message>Start action : waitForElementPresent(findTestObject(\&amp;quot;UI/General/Page_LoginPage/input_Password\&amp;quot;), 5)</message>
  <nestedLevel>1</nestedLevel>
  <property name="startLine">28</property>
  <property name="stepIndex">7</property>
</record>
<record>
  <date>2019-01-21T16:25:13</date>
  <millis>1548109513330</millis>
  <sequence>246</sequence>
  <level>PASSED</level>
  <class>com.kms.katalon.core.logging.XmlKeywordLogger</class>
  <method>logMessage</method>
  <thread>1</thread>
  <message>Object &amp;apos;Object Repository/UI/General/Page_LoginPage/input_Password&amp;apos; is present</message>
  <nestedLevel>1</nestedLevel>
</record>
<record>
  <date>2019-01-21T16:25:13</date>
  <millis>1548109513330</millis>
  <sequence>247</sequence>
  <level>END</level>
  <class>com.kms.katalon.core.logging.XmlKeywordLogger</class>
  <method>endKeyword</method>
  <thread>1</thread>
  <message>End action : waitForElementPresent(findTestObject(\&amp;quot;UI/General/Page_LoginPage/input_Password\&amp;quot;), 5)</message>
  <nestedLevel>1</nestedLevel>
</record>
<record>
  <date>2019-01-21T16:25:13</date>
  <millis>1548109513330</millis>
  <sequence>248</sequence>
  <level>START</level>
  <class>com.kms.katalon.core.logging.XmlKeywordLogger</class>
  <method>startKeyword</method>
  <thread>1</thread>
  <message>Start action : waitForElementVisible(findTestObject(\&amp;quot;UI/General/Page_LoginPage/input_Password\&amp;quot;), 5)</message>
  <nestedLevel>1</nestedLevel>
  <property name="startLine">30</property>
  <property name="stepIndex">8</property>
</record>
<record>
  <date>2019-01-21T16:25:13</date>
  <millis>1548109513357</millis>
  <sequence>255</sequence>
  <level>PASSED</level>
  <class>com.kms.katalon.core.logging.XmlKeywordLogger</class>
  <method>logMessage</method>
  <thread>1</thread>
  <message>Object &amp;apos;Object Repository/UI/General/Page_LoginPage/input_Password&amp;apos; is visible</message>
  <nestedLevel>1</nestedLevel>
</record>
<record>
  <date>2019-01-21T16:25:13</date>
  <millis>1548109513357</millis>
  <sequence>256</sequence>
  <level>END</level>
  <class>com.kms.katalon.core.logging.XmlKeywordLogger</class>
  <method>endKeyword</method>
  <thread>1</thread>
  <message>End action : waitForElementVisible(findTestObject(\&amp;quot;UI/General/Page_LoginPage/input_Password\&amp;quot;), 5)</message>
  <nestedLevel>1</nestedLevel>
</record>
<record>
  <date>2019-01-21T16:25:13</date>
  <millis>1548109513357</millis>
  <sequence>257</sequence>
  <level>START</level>
  <class>com.kms.katalon.core.logging.XmlKeywordLogger</class>
  <method>startKeyword</method>
  <thread>1</thread>
  <message>Start action : waitForElementPresent(findTestObject(\&amp;quot;UI/General/Page_LoginPage/input_User\&amp;quot;), 5)</message>
  <nestedLevel>1</nestedLevel>
  <property name="startLine">32</property>
  <property name="stepIndex">9</property>
</record>
<record>
  <date>2019-01-21T16:25:13</date>
  <millis>1548109513375</millis>
  <sequence>263</sequence>
  <level>PASSED</level>
  <class>com.kms.katalon.core.logging.XmlKeywordLogger</class>
  <method>logMessage</method>
  <thread>1</thread>
  <message>Object &amp;apos;Object Repository/UI/General/Page_LoginPage/input_User&amp;apos; is present</message>
  <nestedLevel>1</nestedLevel>
</record>
<record>
  <date>2019-01-21T16:25:13</date>
  <millis>1548109513375</millis>
  <sequence>264</sequence>
  <level>END</level>
  <class>com.kms.katalon.core.logging.XmlKeywordLogger</class>
  <method>endKeyword</method>
  <thread>1</thread>
  <message>End action : waitForElementPresent(findTestObject(\&amp;quot;UI/General/Page_LoginPage/input_User\&amp;quot;), 5)</message>
  <nestedLevel>1</nestedLevel>
</record>
<record>
  <date>2019-01-21T16:25:13</date>
  <millis>1548109513375</millis>
  <sequence>265</sequence>
  <level>START</level>
  <class>com.kms.katalon.core.logging.XmlKeywordLogger</class>
  <method>startKeyword</method>
  <thread>1</thread>
  <message>Start action : waitForElementVisible(findTestObject(\&amp;quot;UI/General/Page_LoginPage/input_User\&amp;quot;), 5)</message>
  <nestedLevel>1</nestedLevel>
  <property name="startLine">34</property>
  <property name="stepIndex">10</property>
</record>
<record>
  <date>2019-01-21T16:25:13</date>
  <millis>1548109513402</millis>
  <sequence>272</sequence>
  <level>PASSED</level>
  <class>com.kms.katalon.core.logging.XmlKeywordLogger</class>
  <method>logMessage</method>
  <thread>1</thread>
  <message>Object &amp;apos;Object Repository/UI/General/Page_LoginPage/input_User&amp;apos; is visible</message>
  <nestedLevel>1</nestedLevel>
</record>
<record>
  <date>2019-01-21T16:25:13</date>
  <millis>1548109513402</millis>
  <sequence>273</sequence>
  <level>END</level>
  <class>com.kms.katalon.core.logging.XmlKeywordLogger</class>
  <method>endKeyword</method>
  <thread>1</thread>
  <message>End action : waitForElementVisible(findTestObject(\&amp;quot;UI/General/Page_LoginPage/input_User\&amp;quot;), 5)</message>
  <nestedLevel>1</nestedLevel>
</record>
<record>
  <date>2019-01-21T16:25:13</date>
  <millis>1548109513402</millis>
  <sequence>274</sequence>
  <level>PASSED</level>
  <class>com.kms.katalon.core.logging.XmlKeywordLogger</class>
  <method>logMessage</method>
  <thread>1</thread>
  <message>Test Cases/UI/General/openBrowser</message>
  <nestedLevel>1</nestedLevel>
</record>
<record>
  <date>2019-01-21T16:25:13</date>
  <millis>1548109513402</millis>
  <sequence>275</sequence>
  <level>END</level>
  <class>com.kms.katalon.core.logging.XmlKeywordLogger</class>
  <method>endTest</method>
  <thread>1</thread>
  <message>End Test Case : Test Cases/UI/General/openBrowser</message>
  <nestedLevel>0</nestedLevel>
</record>
<record>
  <date>2019-01-21T16:25:13</date>
  <millis>1548109513405</millis>
  <sequence>276</sequence>
  <level>START</level>
  <class>com.kms.katalon.core.logging.XmlKeywordLogger</class>
  <method>startTest</method>
  <thread>1</thread>
  <message>Start Test Case : Test Cases/UI/Employee/Client Services/Login/Login - Incorrect credentials</message>
  <nestedLevel>1</nestedLevel>
  <property name="name">Test Cases/UI/Employee/Client Services/Login/Login - Incorrect credentials</property>
  <property name="description"></property>
  <property name="id">Test Cases/UI/Employee/Client Services/Login/Login - Incorrect credentials</property>
  <property name="source">C:\\Users\\David Avalos\\git\\AMPSAutRegression\\Test Cases\\UI\\Employee\\Client Services\\Login\\Login - Incorrect credentials.tc</property>
  <property name="isOptional">false</property>
</record>
<record>
  <date>2019-01-21T16:25:13</date>
  <millis>1548109513418</millis>
  <sequence>278</sequence>
  <level>INFO</level>
  <class>com.kms.katalon.core.logging.XmlKeywordLogger</class>
  <method>logMessage</method>
  <thread>1</thread>
  <message>(Default) invalidUser = test</message>
  <nestedLevel>1</nestedLevel>
</record>
<record>
  <date>2019-01-21T16:25:13</date>
  <millis>1548109513425</millis>
  <sequence>279</sequence>
  <level>INFO</level>
  <class>com.kms.katalon.core.logging.XmlKeywordLogger</class>
  <method>logMessage</method>
  <thread>1</thread>
  <message>(Default) invalidPassword = test</message>
  <nestedLevel>1</nestedLevel>
</record>
<record>
  <date>2019-01-21T16:25:13</date>
  <millis>1548109513434</millis>
  <sequence>280</sequence>
  <level>INFO</level>
  <class>com.kms.katalon.core.logging.XmlKeywordLogger</class>
  <method>logMessage</method>
  <thread>1</thread>
  <message>(Default) expectedFailMessage = Authentication Failed. Please try again.</message>
  <nestedLevel>1</nestedLevel>
</record>
<record>
  <date>2019-01-21T16:25:13</date>
  <millis>1548109513442</millis>
  <sequence>281</sequence>
  <level>INFO</level>
  <class>com.kms.katalon.core.logging.XmlKeywordLogger</class>
  <method>logMessage</method>
  <thread>1</thread>
  <message>(Default) actualFailMessage = </message>
  <nestedLevel>1</nestedLevel>
</record>
<record>
  <date>2019-01-21T16:25:13</date>
  <millis>1548109513559</millis>
  <sequence>282</sequence>
  <level>START</level>
  <class>com.kms.katalon.core.logging.XmlKeywordLogger</class>
  <method>startKeyword</method>
  <thread>1</thread>
  <message>Start action : setText(findTestObject(\&amp;quot;UI/Employee/Client Services/Login/input_User\&amp;quot;), invalidUser)</message>
  <nestedLevel>1</nestedLevel>
  <property name="startLine">17</property>
  <property name="stepIndex">1</property>
</record>
<record>
  <date>2019-01-21T16:25:13</date>
  <millis>1548109513667</millis>
  <sequence>294</sequence>
  <level>PASSED</level>
  <class>com.kms.katalon.core.logging.XmlKeywordLogger</class>
  <method>logMessage</method>
  <thread>1</thread>
  <message>Text &amp;apos;test&amp;apos; is set on object &amp;apos;Object Repository/UI/Employee/Client Services/Login/input_User&amp;apos;</message>
  <nestedLevel>1</nestedLevel>
</record>
<record>
  <date>2019-01-21T16:25:13</date>
  <millis>1548109513667</millis>
  <sequence>295</sequence>
  <level>END</level>
  <class>com.kms.katalon.core.logging.XmlKeywordLogger</class>
  <method>endKeyword</method>
  <thread>1</thread>
  <message>End action : setText(findTestObject(\&amp;quot;UI/Employee/Client Services/Login/input_User\&amp;quot;), invalidUser)</message>
  <nestedLevel>1</nestedLevel>
</record>
<record>
  <date>2019-01-21T16:25:13</date>
  <millis>1548109513667</millis>
  <sequence>296</sequence>
  <level>START</level>
  <class>com.kms.katalon.core.logging.XmlKeywordLogger</class>
  <method>startKeyword</method>
  <thread>1</thread>
  <message>Start action : setText(findTestObject(\&amp;quot;UI/Employee/Client Services/Login/input_Password\&amp;quot;), invalidPassword)</message>
  <nestedLevel>1</nestedLevel>
  <property name="startLine">19</property>
  <property name="stepIndex">2</property>
</record>
<record>
  <date>2019-01-21T16:25:13</date>
  <millis>1548109513805</millis>
  <sequence>308</sequence>
  <level>PASSED</level>
  <class>com.kms.katalon.core.logging.XmlKeywordLogger</class>
  <method>logMessage</method>
  <thread>1</thread>
  <message>Text &amp;apos;test&amp;apos; is set on object &amp;apos;Object Repository/UI/Employee/Client Services/Login/input_Password&amp;apos;</message>
  <nestedLevel>1</nestedLevel>
</record>
<record>
  <date>2019-01-21T16:25:13</date>
  <millis>1548109513806</millis>
  <sequence>309</sequence>
  <level>END</level>
  <class>com.kms.katalon.core.logging.XmlKeywordLogger</class>
  <method>endKeyword</method>
  <thread>1</thread>
  <message>End action : setText(findTestObject(\&amp;quot;UI/Employee/Client Services/Login/input_Password\&amp;quot;), invalidPassword)</message>
  <nestedLevel>1</nestedLevel>
</record>
<record>
  <date>2019-01-21T16:25:13</date>
  <millis>1548109513807</millis>
  <sequence>310</sequence>
  <level>START</level>
  <class>com.kms.katalon.core.logging.XmlKeywordLogger</class>
  <method>startKeyword</method>
  <thread>1</thread>
  <message>Start action : click(findTestObject(\&amp;quot;UI/Employee/Client Services/Login/button_Login\&amp;quot;))</message>
  <nestedLevel>1</nestedLevel>
  <property name="startLine">21</property>
  <property name="stepIndex">3</property>
</record>
<record>
  <date>2019-01-21T16:25:13</date>
  <millis>1548109513932</millis>
  <sequence>317</sequence>
  <level>PASSED</level>
  <class>com.kms.katalon.core.logging.XmlKeywordLogger</class>
  <method>logMessage</method>
  <thread>1</thread>
  <message>Object: &amp;apos;Object Repository/UI/Employee/Client Services/Login/button_Login&amp;apos; is clicked on</message>
  <nestedLevel>1</nestedLevel>
</record>
<record>
  <date>2019-01-21T16:25:13</date>
  <millis>1548109513933</millis>
  <sequence>318</sequence>
  <level>END</level>
  <class>com.kms.katalon.core.logging.XmlKeywordLogger</class>
  <method>endKeyword</method>
  <thread>1</thread>
  <message>End action : click(findTestObject(\&amp;quot;UI/Employee/Client Services/Login/button_Login\&amp;quot;))</message>
  <nestedLevel>1</nestedLevel>
</record>
<record>
  <date>2019-01-21T16:25:13</date>
  <millis>1548109513933</millis>
  <sequence>319</sequence>
  <level>START</level>
  <class>com.kms.katalon.core.logging.XmlKeywordLogger</class>
  <method>startKeyword</method>
  <thread>1</thread>
  <message>Start action : waitForElementPresent(findTestObject(\&amp;quot;UI/Employee/Client Services/Login/div_AuthenticationFailedMessage\&amp;quot;), 5)</message>
  <nestedLevel>1</nestedLevel>
  <property name="startLine">23</property>
  <property name="stepIndex">4</property>
</record>
<record>
  <date>2019-01-21T16:25:14</date>
  <millis>1548109514479</millis>
  <sequence>325</sequence>
  <level>PASSED</level>
  <class>com.kms.katalon.core.logging.XmlKeywordLogger</class>
  <method>logMessage</method>
  <thread>1</thread>
  <message>Object &amp;apos;Object Repository/UI/Employee/Client Services/Login/div_AuthenticationFailedMessage&amp;apos; is present</message>
  <nestedLevel>1</nestedLevel>
</record>
<record>
  <date>2019-01-21T16:25:14</date>
  <millis>1548109514480</millis>
  <sequence>326</sequence>
  <level>END</level>
  <class>com.kms.katalon.core.logging.XmlKeywordLogger</class>
  <method>endKeyword</method>
  <thread>1</thread>
  <message>End action : waitForElementPresent(findTestObject(\&amp;quot;UI/Employee/Client Services/Login/div_AuthenticationFailedMessage\&amp;quot;), 5)</message>
  <nestedLevel>1</nestedLevel>
</record>
<record>
  <date>2019-01-21T16:25:14</date>
  <millis>1548109514480</millis>
  <sequence>327</sequence>
  <level>START</level>
  <class>com.kms.katalon.core.logging.XmlKeywordLogger</class>
  <method>startKeyword</method>
  <thread>1</thread>
  <message>Start action : waitForElementVisible(findTestObject(\&amp;quot;UI/Employee/Client Services/Login/div_AuthenticationFailedMessage\&amp;quot;), 5)</message>
  <nestedLevel>1</nestedLevel>
  <property name="startLine">25</property>
  <property name="stepIndex">5</property>
</record>
<record>
  <date>2019-01-21T16:25:14</date>
  <millis>1548109514506</millis>
  <sequence>334</sequence>
  <level>PASSED</level>
  <class>com.kms.katalon.core.logging.XmlKeywordLogger</class>
  <method>logMessage</method>
  <thread>1</thread>
  <message>Object &amp;apos;Object Repository/UI/Employee/Client Services/Login/div_AuthenticationFailedMessage&amp;apos; is visible</message>
  <nestedLevel>1</nestedLevel>
</record>
<record>
  <date>2019-01-21T16:25:14</date>
  <millis>1548109514506</millis>
  <sequence>335</sequence>
  <level>END</level>
  <class>com.kms.katalon.core.logging.XmlKeywordLogger</class>
  <method>endKeyword</method>
  <thread>1</thread>
  <message>End action : waitForElementVisible(findTestObject(\&amp;quot;UI/Employee/Client Services/Login/div_AuthenticationFailedMessage\&amp;quot;), 5)</message>
  <nestedLevel>1</nestedLevel>
</record>
<record>
  <date>2019-01-21T16:25:14</date>
  <millis>1548109514507</millis>
  <sequence>336</sequence>
  <level>START</level>
  <class>com.kms.katalon.core.logging.XmlKeywordLogger</class>
  <method>startKeyword</method>
  <thread>1</thread>
  <message>Start action : actualFailMessage = getText(findTestObject(\&amp;quot;UI/Employee/Client Services/Login/div_AuthenticationFailedMessage\&amp;quot;))</message>
  <nestedLevel>1</nestedLevel>
  <property name="startLine">27</property>
  <property name="stepIndex">6</property>
</record>
<record>
  <date>2019-01-21T16:25:14</date>
  <millis>1548109514545</millis>
  <sequence>343</sequence>
  <level>PASSED</level>
  <class>com.kms.katalon.core.logging.XmlKeywordLogger</class>
  <method>logMessage</method>
  <thread>1</thread>
  <message>Text of object &amp;apos;Object Repository/UI/Employee/Client Services/Login/div_AuthenticationFailedMessage&amp;apos; is: &amp;apos;Authentication Failed. Please try again.&amp;apos;</message>
  <nestedLevel>1</nestedLevel>
</record>
<record>
  <date>2019-01-21T16:25:14</date>
  <millis>1548109514545</millis>
  <sequence>344</sequence>
  <level>END</level>
  <class>com.kms.katalon.core.logging.XmlKeywordLogger</class>
  <method>endKeyword</method>
  <thread>1</thread>
  <message>End action : actualFailMessage = getText(findTestObject(\&amp;quot;UI/Employee/Client Services/Login/div_AuthenticationFailedMessage\&amp;quot;))</message>
  <nestedLevel>1</nestedLevel>
</record>
<record>
  <date>2019-01-21T16:25:14</date>
  <millis>1548109514545</millis>
  <sequence>345</sequence>
  <level>START</level>
  <class>com.kms.katalon.core.logging.XmlKeywordLogger</class>
  <method>startKeyword</method>
  <thread>1</thread>
  <message>Start action : verifyEqual(actualFailMessage, expectedFailMessage)</message>
  <nestedLevel>1</nestedLevel>
  <property name="startLine">29</property>
  <property name="stepIndex">7</property>
</record>
<record>
  <date>2019-01-21T16:25:14</date>
  <millis>1548109514561</millis>
  <sequence>347</sequence>
  <level>PASSED</level>
  <class>com.kms.katalon.core.logging.XmlKeywordLogger</class>
  <method>logMessage</method>
  <thread>1</thread>
  <message>Actual object &amp;apos;Authentication Failed. Please try again.&amp;apos; and expected object &amp;apos;Authentication Failed. Please try again.&amp;apos; are equal</message>
  <nestedLevel>1</nestedLevel>
</record>
<record>
  <date>2019-01-21T16:25:14</date>
  <millis>1548109514561</millis>
  <sequence>348</sequence>
  <level>END</level>
  <class>com.kms.katalon.core.logging.XmlKeywordLogger</class>
  <method>endKeyword</method>
  <thread>1</thread>
  <message>End action : verifyEqual(actualFailMessage, expectedFailMessage)</message>
  <nestedLevel>1</nestedLevel>
</record>
<record>
  <date>2019-01-21T16:25:14</date>
  <millis>1548109514562</millis>
  <sequence>349</sequence>
  <level>PASSED</level>
  <class>com.kms.katalon.core.logging.XmlKeywordLogger</class>
  <method>logMessage</method>
  <thread>1</thread>
  <message>Test Cases/UI/Employee/Client Services/Login/Login - Incorrect credentials</message>
  <nestedLevel>1</nestedLevel>
</record>
<record>
  <date>2019-01-21T16:25:14</date>
  <millis>1548109514562</millis>
  <sequence>350</sequence>
  <level>END</level>
  <class>com.kms.katalon.core.logging.XmlKeywordLogger</class>
  <method>endTest</method>
  <thread>1</thread>
  <message>End Test Case : Test Cases/UI/Employee/Client Services/Login/Login - Incorrect credentials</message>
  <nestedLevel>0</nestedLevel>
</record>
<record>
  <date>2019-01-21T16:25:15</date>
  <millis>1548109515219</millis>
  <sequence>351</sequence>
  <level>END</level>
  <class>com.kms.katalon.core.logging.XmlKeywordLogger</class>
  <method>endSuite</method>
  <thread>1</thread>
  <message>End Test Suite : Test Suites/UI/Client Services/Login - Employee</message>
  <nestedLevel>0</nestedLevel>
</record>
</log>
